<?xml version="1.0" encoding="UTF-8"?>
<testsuite name="CardClassTests" tests="4" skipped="0" failures="0" errors="0" timestamp="2024-09-24T15:28:36" hostname="ArchRogStrix" time="0.04">
  <properties/>
  <testcase name="ClosedConstructorTest()" classname="CardClassTests" time="0.027"/>
  <testcase name="GetCostTest()" classname="CardClassTests" time="0.003"/>
  <testcase name="ChainsOpenClosedTest()" classname="CardClassTests" time="0.003"/>
  <testcase name="DefaultOpenTest()" classname="CardClassTests" time="0.002"/>
  <system-out><![CDATA[]]></system-out>
  <system-err><![CDATA[]]></system-err>
</testsuite>
