<?xml version="1.0" encoding="UTF-8"?>
<testsuite name="NumberTest" tests="5" skipped="0" failures="0" errors="0" timestamp="2024-10-05T15:28:13" hostname="ArchRogStrix" time="0.039">
  <properties/>
  <testcase name="testDerivative()" classname="NumberTest" time="0.029"/>
  <testcase name="testPrint()" classname="NumberTest" time="0.001"/>
  <testcase name="testEval()" classname="NumberTest" time="0.0"/>
  <testcase name="testSimple()" classname="NumberTest" time="0.001"/>
  <testcase name="testConstructor()" classname="NumberTest" time="0.003"/>
  <system-out><![CDATA[]]></system-out>
  <system-err><![CDATA[]]></system-err>
</testsuite>
