<?xml version="1.0" encoding="UTF-8"?>
<testsuite name="TestConverter" tests="5" skipped="0" failures="0" errors="0" timestamp="2024-10-05T15:28:13" hostname="ArchRogStrix" time="0.016">
  <properties/>
  <testcase name="testConstract()" classname="TestConverter" time="0.005"/>
  <testcase name="testConvert()" classname="TestConverter" time="0.002"/>
  <testcase name="testDifferentiation()" classname="TestConverter" time="0.0"/>
  <testcase name="testSimple()" classname="TestConverter" time="0.001"/>
  <testcase name="testSubstitution()" classname="TestConverter" time="0.004"/>
  <system-out><![CDATA[]]></system-out>
  <system-err><![CDATA[]]></system-err>
</testsuite>
